2016-12-17 21:23:51,300 - wpull.builder - INFO - Using Python hook script /home/speakeasy/.local/lib/python3.4/site-packages/libgrabsite/wpull_hooks.py.
2016-12-17 21:23:51,439 - wpull.processor.web - INFO - Fetching ‘http://egyptchan.org/’.
2016-12-17 21:23:55,996 - wpull.processor.web - INFO - Fetched ‘http://egyptchan.org/’: 200 OK. Length: unspecified [text/html; charset=UTF-8].
2016-12-17 21:23:56,332 - wpull.processor.web - INFO - Fetching ‘http://egyptchan.org/robots.txt’.
2016-12-17 21:23:56,334 - wpull.processor.web - INFO - Fetching ‘http://egyptchan.org/sitemap.xml’.
2016-12-17 21:23:56,629 - wpull.processor.web - INFO - Fetched ‘http://egyptchan.org/robots.txt’: 404 Not Found. Length: 169 [text/html].
2016-12-17 21:23:56,647 - wpull.processor.web - INFO - Fetching ‘http://www.php.net/’.
2016-12-17 21:23:56,794 - wpull.processor.web - INFO - Fetched ‘http://www.php.net/’: 301 Moved Permanently. Length: 184 [text/html].
2016-12-17 21:23:56,801 - wpull.processor.web - INFO - Fetching ‘http://php.net/’.
2016-12-17 21:23:56,822 - wpull.processor.web - INFO - Fetched ‘http://egyptchan.org/sitemap.xml’: 404 Not Found. Length: 169 [text/html].
2016-12-17 21:23:56,837 - wpull.processor.web - INFO - Fetching ‘http://www.zend.com/’.
2016-12-17 21:23:57,265 - wpull.processor.web - INFO - Fetched ‘http://php.net/’: 200 OK. Length: unspecified [text/html; charset=utf-8].
2016-12-17 21:24:10,022 - wpull.processor.web - INFO - Fetched ‘http://www.zend.com/’: 200 OK. Length: 197628 [text/html; charset=UTF-8].
2016-12-17 21:24:10,509 - wpull.processor.web - INFO - Fetching ‘http://php.net/images/to-top@2x.png’.
2016-12-17 21:24:10,511 - wpull.processor.web - INFO - Fetching ‘http://php.net/cached.php?t=1421837618&f=/js/search.js’.
2016-12-17 21:24:10,618 - wpull.processor.web - INFO - Fetched ‘http://php.net/images/to-top@2x.png’: 200 OK. Length: 1490 [image/png].
2016-12-17 21:24:10,640 - wpull.processor.web - INFO - Fetching ‘http://php.net/favicon.ico’.
2016-12-17 21:24:10,719 - wpull.processor.web - INFO - Fetched ‘http://php.net/favicon.ico’: 200 OK. Length: 822 [image/vnd.microsoft.icon].
2016-12-17 21:24:10,745 - wpull.processor.web - INFO - Fetching ‘http://php.net/cached.php?t=1421837618&f=/js/ext/hogan-2.0.0.min.js’.
2016-12-17 21:24:11,703 - wpull.processor.web - INFO - Fetched ‘http://php.net/cached.php?t=1421837618&f=/js/ext/hogan-2.0.0.min.js’: 200 OK. Length: 6108 [application/javascript].
2016-12-17 21:24:11,735 - wpull.processor.web - INFO - Fetching ‘http://php.net/cached.php?t=1449787206&f=/styles/theme-medium.css’.
2016-12-17 21:24:11,757 - wpull.processor.web - INFO - Fetched ‘http://php.net/cached.php?t=1421837618&f=/js/search.js’: 200 OK. Length: unspecified [application/javascript].
2016-12-17 21:24:11,780 - wpull.processor.web - INFO - Fetching ‘http://php.net/cached.php?t=1478800802&f=/styles/theme-base.css’.
2016-12-17 21:24:12,966 - wpull.processor.web - INFO - Fetched ‘http://php.net/cached.php?t=1449787206&f=/styles/theme-medium.css’: 200 OK. Length: unspecified [text/css;charset=UTF-8].
2016-12-17 21:24:12,990 - wpull.processor.web - INFO - Fetching ‘http://php.net/cached.php?t=1421837618&f=/js/ext/mousetrap.min.js’.
2016-12-17 21:24:13,917 - wpull.processor.web - INFO - Fetched ‘http://php.net/cached.php?t=1421837618&f=/js/ext/mousetrap.min.js’: 200 OK. Length: 4025 [application/javascript].
2016-12-17 21:24:13,946 - wpull.processor.web - INFO - Fetching ‘http://php.net/cached.php?t=1429259403&f=/styles/home.css’.
2016-12-17 21:24:14,326 - wpull.processor.web - INFO - Fetched ‘http://php.net/cached.php?t=1429259403&f=/styles/home.css’: 200 OK. Length: 2047 [text/css;charset=UTF-8].
2016-12-17 21:24:14,353 - wpull.processor.web - INFO - Fetching ‘http://php.net/cached.php?t=1421837618&f=/js/ext/modernizr.js’.
2016-12-17 21:24:14,525 - wpull.processor.web - INFO - Fetched ‘http://php.net/cached.php?t=1421837618&f=/js/ext/modernizr.js’: 200 OK. Length: 2425 [application/javascript].
2016-12-17 21:24:14,553 - wpull.processor.web - INFO - Fetching ‘http://php.net/cached.php?t=1421837618&f=/js/ext/typeahead.min.js’.
2016-12-17 21:24:16,225 - wpull.processor.web - INFO - Fetched ‘http://php.net/cached.php?t=1478800802&f=/styles/theme-base.css’: 200 OK. Length: unspecified [text/css;charset=UTF-8].
2016-12-17 21:24:16,263 - wpull.processor.web - INFO - Fetching ‘http://php.net/cached.php?t=1421837618&f=/fonts/Fira/fira.css’.
2016-12-17 21:24:16,790 - wpull.processor.web - INFO - Fetched ‘http://php.net/cached.php?t=1421837618&f=/js/ext/typeahead.min.js’: 200 OK. Length: unspecified [application/javascript].
2016-12-17 21:24:16,834 - wpull.processor.web - INFO - Fetched ‘http://php.net/cached.php?t=1421837618&f=/fonts/Fira/fira.css’: 200 OK. Length: 2519 [text/css;charset=UTF-8].
2016-12-17 21:24:16,875 - wpull.processor.web - INFO - Fetching ‘http://php.net/cached.php?t=1478627406&f=/js/common.js’.
2016-12-17 21:24:16,887 - wpull.processor.web - INFO - Fetching ‘http://php.net/cached.php?t=1421837618&f=/fonts/Font-Awesome/css/fontello.css’.
2016-12-17 21:24:16,956 - wpull.processor.web - INFO - Fetched ‘http://php.net/cached.php?t=1421837618&f=/fonts/Font-Awesome/css/fontello.css’: 200 OK. Length: 1709 [text/css;charset=UTF-8].
2016-12-17 21:24:16,987 - wpull.processor.web - INFO - Fetching ‘http://ajax.googleapis.com/ajax/libs/jquery/1.10.2/jquery.min.js’.
2016-12-17 21:24:19,524 - wpull.processor.web - INFO - Fetched ‘http://php.net/cached.php?t=1478627406&f=/js/common.js’: 200 OK. Length: unspecified [application/javascript].
2016-12-17 21:24:19,576 - wpull.processor.web - INFO - Fetching ‘http://php.net/images/logo.php’.
2016-12-17 21:24:20,376 - wpull.processor.web - INFO - Fetched ‘http://php.net/images/logo.php’: 200 OK. Length: 7772 [image/png].
2016-12-17 21:24:20,400 - wpull.processor.web - INFO - Fetching ‘http://static.zend.com/cmsdata/homepage/icons/life-guard-small-160x116px.jpg’.
2016-12-17 21:24:22,000 - wpull.processor.web - INFO - Fetched ‘http://static.zend.com/cmsdata/homepage/icons/life-guard-small-160x116px.jpg’: 200 OK. Length: 11157 [image/jpeg].
2016-12-17 21:24:22,040 - wpull.processor.web - INFO - Fetching ‘http://www.zend.com/static-assets/css/vendor/font-awesome/css/font-awesome.min.css’.
2016-12-17 21:24:26,232 - wpull.processor.web - INFO - Fetched ‘http://ajax.googleapis.com/ajax/libs/jquery/1.10.2/jquery.min.js’: 200 OK. Length: unspecified [text/javascript; charset=UTF-8].
2016-12-17 21:24:26,283 - wpull.processor.web - INFO - Fetching ‘http://static.zend.com/cmsdata/static-assets/img/zend-server-laptop-660x350px.png’.
2016-12-17 21:24:29,041 - wpull.processor.web - INFO - Fetched ‘http://static.zend.com/cmsdata/static-assets/img/zend-server-laptop-660x350px.png’: 200 OK. Length: 34892 [image/png].
2016-12-17 21:24:29,063 - wpull.processor.web - INFO - Fetching ‘http://static.zend.com/cmsdata/static-assets/js/menu.js’.
2016-12-17 21:24:29,195 - wpull.processor.web - INFO - Fetched ‘http://static.zend.com/cmsdata/static-assets/js/menu.js’: 200 OK. Length: 658 [application/javascript].
2016-12-17 21:24:29,213 - wpull.processor.web - INFO - Fetching ‘http://static.zend.com/cmsdata/homepage/icons/lamp-small-160x116px.jpg’.
2016-12-17 21:24:29,371 - wpull.processor.web - INFO - Fetched ‘http://static.zend.com/cmsdata/homepage/icons/lamp-small-160x116px.jpg’: 200 OK. Length: 7101 [image/jpeg].
2016-12-17 21:24:29,395 - wpull.processor.web - INFO - Fetching ‘http://static.zend.com/cmsdata/homepage/company-clients/disney-225x92px.jpg’.
2016-12-17 21:24:29,982 - wpull.processor.web - INFO - Fetched ‘http://static.zend.com/cmsdata/homepage/company-clients/disney-225x92px.jpg’: 200 OK. Length: 7201 [image/jpeg].
2016-12-17 21:24:30,009 - wpull.processor.web - INFO - Fetching ‘http://static.zend.com/cmsdata/homepage/company-clients/credit-suisse-225x92px.jpg’.
2016-12-17 21:24:30,529 - wpull.processor.web - INFO - Fetched ‘http://static.zend.com/cmsdata/homepage/company-clients/credit-suisse-225x92px.jpg’: 200 OK. Length: 8209 [image/jpeg].
2016-12-17 21:24:30,553 - wpull.processor.web - INFO - Fetching ‘http://static.zend.com/cmsdata/homepage/zend-server-8.5-screeens/6.zend-server-url-insight.jpg’.
2016-12-17 21:24:33,570 - wpull.processor.web - INFO - Fetched ‘http://www.zend.com/static-assets/css/vendor/font-awesome/css/font-awesome.min.css’: 200 OK. Length: 17780 [text/css].
2016-12-17 21:24:33,606 - wpull.processor.web - INFO - Fetching ‘http://static.zend.com/cmsdata/homepage/company-clients/hsbc-225x92px.jpg’.
2016-12-17 21:24:33,767 - wpull.processor.web - INFO - Fetched ‘http://static.zend.com/cmsdata/homepage/zend-server-8.5-screeens/6.zend-server-url-insight.jpg’: 200 OK. Length: 40521 [image/jpeg].
2016-12-17 21:24:33,788 - wpull.processor.web - INFO - Fetching ‘http://static.zend.com/cmsdata/homepage/customer-testimonial-1.jpg’.
2016-12-17 21:24:34,783 - wpull.processor.web - INFO - Fetched ‘http://static.zend.com/cmsdata/homepage/company-clients/hsbc-225x92px.jpg’: 200 OK. Length: 8067 [image/jpeg].
2016-12-17 21:24:34,811 - wpull.processor.web - INFO - Fetching ‘http://www.zend.com/pimcore/static/js/frontend/geoip.js/’.
2016-12-17 21:24:36,206 - wpull.processor.web - INFO - Fetched ‘http://static.zend.com/cmsdata/homepage/customer-testimonial-1.jpg’: 200 OK. Length: 29037 [image/jpeg].
2016-12-17 21:24:36,233 - wpull.processor.web - INFO - Fetching ‘http://static.zend.com/cmsdata/static-assets/js/galleryslide.js’.
2016-12-17 21:24:36,248 - wpull.processor.web - INFO - Fetched ‘http://www.zend.com/pimcore/static/js/frontend/geoip.js/’: 200 OK. Length: 526 [text/javascript;charset=UTF-8].
2016-12-17 21:24:36,266 - wpull.processor.web - INFO - Fetching ‘http://static.zend.com/cmsdata/static-assets/fancyapps-fancyBox-18d1712/helpers/jquery.fancybox-media.js?v=1.0.6’.
2016-12-17 21:24:36,363 - wpull.processor.web - INFO - Fetched ‘http://static.zend.com/cmsdata/static-assets/js/galleryslide.js’: 200 OK. Length: 1197 [application/javascript].
2016-12-17 21:24:36,382 - wpull.processor.web - INFO - Fetching ‘http://static.zend.com/cmsdata/static-assets/js/bootstrap.min.js’.
2016-12-17 21:24:36,858 - wpull.processor.web - INFO - Fetched ‘http://static.zend.com/cmsdata/static-assets/fancyapps-fancyBox-18d1712/helpers/jquery.fancybox-media.js?v=1.0.6’: 200 OK. Length: 5305 [application/javascript].
2016-12-17 21:24:36,890 - wpull.processor.web - INFO - Fetching ‘http://static.zend.com/cmsdata/static-assets/img/Arrow-blue-RIGHT-27x97px.png’.
2016-12-17 21:24:37,303 - wpull.processor.web - INFO - Fetched ‘http://static.zend.com/cmsdata/static-assets/img/Arrow-blue-RIGHT-27x97px.png’: 200 OK. Length: 1882 [image/png].
2016-12-17 21:24:37,327 - wpull.processor.web - INFO - Fetching ‘http://static.zend.com/cmsdata/homepage/company-clients/virgin-mobile-225x92px.jpg’.
2016-12-17 21:24:38,666 - wpull.processor.web - INFO - Fetched ‘http://static.zend.com/cmsdata/homepage/company-clients/virgin-mobile-225x92px.jpg’: 200 OK. Length: 8297 [image/jpeg].
2016-12-17 21:24:38,691 - wpull.processor.web - INFO - Fetching ‘http://static.zend.com/cmsdata/about-zend/zend_door_448x336.jpg’.
2016-12-17 21:24:40,843 - wpull.processor.web - INFO - Fetched ‘http://static.zend.com/cmsdata/static-assets/js/bootstrap.min.js’: 200 OK. Length: 29110 [application/javascript].
2016-12-17 21:24:40,885 - wpull.processor.web - INFO - Fetching ‘http://static.zend.com/cmsdata/homepage/company-clients/ebay-225x92px.jpg’.
2016-12-17 21:24:41,785 - wpull.processor.web - INFO - Fetched ‘http://static.zend.com/cmsdata/about-zend/zend_door_448x336.jpg’: 200 OK. Length: 32304 [image/jpeg].
2016-12-17 21:24:41,810 - wpull.processor.web - INFO - Fetching ‘http://www.zend.com/static-assets/img/Quote-icon-70x71px.png’.
2016-12-17 21:24:42,215 - wpull.processor.web - INFO - Fetched ‘http://static.zend.com/cmsdata/homepage/company-clients/ebay-225x92px.jpg’: 200 OK. Length: 9830 [image/jpeg].
2016-12-17 21:24:42,238 - wpull.processor.web - INFO - Fetching ‘http://static.zend.com/cmsdata/static-assets/fancyapps-fancyBox-18d1712/jquery.fancybox.pack.js’.
2016-12-17 21:24:44,171 - wpull.processor.web - INFO - Fetched ‘http://static.zend.com/cmsdata/static-assets/fancyapps-fancyBox-18d1712/jquery.fancybox.pack.js’: 200 OK. Length: 23135 [application/javascript].
2016-12-17 21:24:44,195 - wpull.url - WARNING - Unable to parse URL ‘http://about:blank’: invalid literal for int() with base 10: 'blank'.
2016-12-17 21:24:44,212 - wpull.processor.web - INFO - Fetching ‘http://static.zend.com/cmsdata/roguewave_homepage-banner2016_centos_vf2.jpg’.
2016-12-17 21:24:45,603 - wpull.processor.web - INFO - Fetched ‘http://www.zend.com/static-assets/img/Quote-icon-70x71px.png’: 200 OK. Length: 3999 [image/png].
2016-12-17 21:24:45,631 - wpull.processor.web - INFO - Fetching ‘http://www.zend.com/gtm.js’.
2016-12-17 21:24:45,855 - wpull.processor.web - INFO - Fetched ‘http://www.zend.com/gtm.js’: 404 Not Found. Length: 72 [text/html; charset=UTF-8].
2016-12-17 21:24:45,881 - wpull.processor.web - INFO - Fetching ‘http://www.googletagmanager.com/ns.html?id=GTM-PG5L5N’.
2016-12-17 21:24:46,059 - wpull.processor.web - INFO - Fetched ‘http://www.googletagmanager.com/ns.html?id=GTM-PG5L5N’: 200 OK. Length: unspecified [text/html; charset=UTF-8].
2016-12-17 21:24:46,098 - wpull.processor.web - INFO - Fetching ‘http://static.zend.com/cmsdata/homepage/company-clients/estee-lauder-225x92px.jpg’.
2016-12-17 21:24:46,959 - wpull.processor.web - INFO - Fetched ‘http://static.zend.com/cmsdata/homepage/company-clients/estee-lauder-225x92px.jpg’: 200 OK. Length: 7103 [image/jpeg].
2016-12-17 21:24:46,987 - wpull.processor.web - INFO - Fetching ‘http://static.zend.com/cmsdata/static-assets/img/zend-server-cloudy-bg.png’.
2016-12-17 21:24:53,702 - wpull.processor.web - INFO - Fetched ‘http://static.zend.com/cmsdata/roguewave_homepage-banner2016_centos_vf2.jpg’: 200 OK. Length: 95177 [image/jpeg].
2016-12-17 21:24:53,727 - wpull.processor.web - INFO - Fetching ‘http://static.zend.com/cmsdata/static-assets/css/vendor/bootstrap.min.css’.
2016-12-17 21:25:00,508 - wpull.processor.web - INFO - Fetched ‘http://static.zend.com/cmsdata/static-assets/css/vendor/bootstrap.min.css’: 200 OK. Length: 99961 [text/css].
2016-12-17 21:25:00,556 - wpull.processor.web - INFO - Fetching ‘http://fonts.googleapis.com/css?family=Source+Sans+Pro:300,400,600,700,400italic,700italic’.
2016-12-17 21:25:00,781 - wpull.processor.web - INFO - Fetched ‘http://fonts.googleapis.com/css?family=Source+Sans+Pro:300,400,600,700,400italic,700italic’: 200 OK. Length: unspecified [text/css; charset=utf-8].
2016-12-17 21:25:00,837 - wpull.processor.web - INFO - Fetching ‘http://static.zend.com/cmsdata/homepage/zend-server-8.5-screeens/3.zend-server-gallery.jpg’.
2016-12-17 21:25:03,918 - wpull.processor.web - INFO - Fetched ‘http://static.zend.com/cmsdata/homepage/zend-server-8.5-screeens/3.zend-server-gallery.jpg’: 200 OK. Length: 43610 [image/jpeg].
2016-12-17 21:25:03,940 - wpull.processor.web - INFO - Fetching ‘http://static.zend.com/cmsdata/homepage/company-clients/cnbc-225x92px.jpg’.
2016-12-17 21:25:04,449 - wpull.processor.web - INFO - Fetched ‘http://static.zend.com/cmsdata/homepage/company-clients/cnbc-225x92px.jpg’: 200 OK. Length: 9353 [image/jpeg].
2016-12-17 21:25:04,481 - wpull.processor.web - INFO - Fetching ‘http://static.zend.com/cmsdata/homepage/zend-server-8.5-screeens/2.zend-server-dashboard.jpg’.
2016-12-17 21:25:07,327 - wpull.processor.web - INFO - Fetched ‘http://static.zend.com/cmsdata/homepage/zend-server-8.5-screeens/2.zend-server-dashboard.jpg’: 200 OK. Length: 44579 [image/jpeg].
2016-12-17 21:25:07,350 - wpull.processor.web - INFO - Fetching ‘http://app-ab03.marketo.com/js/forms2/js/forms2.min.js’.
2016-12-17 21:25:18,553 - wpull.processor.web - INFO - Fetched ‘http://app-ab03.marketo.com/js/forms2/js/forms2.min.js’: 200 OK. Length: unspecified [application/x-javascript].
2016-12-17 21:25:18,684 - wpull.url - WARNING - Unable to parse URL ‘https://’: Hostname is empty: 'https://'.
2016-12-17 21:25:18,710 - wpull.processor.web - INFO - Fetching ‘http://static.zend.com/cmsdata/spotlights/studio-server-store-spotlight-150x122px.jpg’.
2016-12-17 21:25:19,035 - wpull.processor.web - INFO - Fetched ‘http://static.zend.com/cmsdata/spotlights/studio-server-store-spotlight-150x122px.jpg’: 200 OK. Length: 6856 [image/jpeg].
2016-12-17 21:25:19,060 - wpull.processor.web - INFO - Fetching ‘http://static.zend.com/cmsdata/homepage/company-clients/adp-225x92px.jpg’.
2016-12-17 21:25:19,491 - wpull.processor.web - INFO - Fetched ‘http://static.zend.com/cmsdata/homepage/company-clients/adp-225x92px.jpg’: 200 OK. Length: 11496 [image/jpeg].
2016-12-17 21:25:19,512 - wpull.processor.web - INFO - Fetching ‘http://static.zend.com/cmsdata/homepage/company-clients/jcpenney-225x92px.jpg’.
2016-12-17 21:25:20,130 - wpull.processor.web - INFO - Fetched ‘http://static.zend.com/cmsdata/homepage/company-clients/jcpenney-225x92px.jpg’: 200 OK. Length: 9422 [image/jpeg].
2016-12-17 21:25:20,159 - wpull.processor.web - INFO - Fetching ‘http://static.zend.com/cmsdata/homepage/company-clients/novadex-225x92px.jpg’.
2016-12-17 21:25:20,399 - wpull.processor.web - INFO - Fetched ‘http://static.zend.com/cmsdata/homepage/company-clients/novadex-225x92px.jpg’: 200 OK. Length: 5509 [image/jpeg].
2016-12-17 21:25:20,417 - wpull.processor.web - INFO - Fetching ‘http://static.zend.com/cmsdata/roguewave_homepage-banner2016_zendserver9_vf.jpg’.
2016-12-17 21:25:31,153 - wpull.processor.web - INFO - Fetched ‘http://static.zend.com/cmsdata/roguewave_homepage-banner2016_zendserver9_vf.jpg’: 200 OK. Length: 161639 [image/jpeg].
2016-12-17 21:25:31,177 - wpull.processor.web - INFO - Fetching ‘http://static.zend.com/cmsdata/homepage/company-clients/cisco-225x92px.jpg’.
2016-12-17 21:25:31,440 - wpull.processor.web - INFO - Fetched ‘http://static.zend.com/cmsdata/homepage/company-clients/cisco-225x92px.jpg’: 200 OK. Length: 8262 [image/jpeg].
2016-12-17 21:25:31,465 - wpull.processor.web - INFO - Fetching ‘http://static.zend.com/cmsdata/static-assets/lightbox-2.7.1/js/lightbox.min.js’.
2016-12-17 21:25:32,386 - wpull.processor.web - INFO - Fetched ‘http://static.zend.com/cmsdata/static-assets/lightbox-2.7.1/js/lightbox.min.js’: 200 OK. Length: 7800 [application/javascript].
2016-12-17 21:25:32,415 - wpull.processor.web - INFO - Fetching ‘http://static.zend.com/cmsdata/spotlights/spotlight-zend-cetrified-php-engineer-150x122px.png’.
2016-12-17 21:25:33,352 - wpull.processor.web - INFO - Fetched ‘http://static.zend.com/cmsdata/spotlights/spotlight-zend-cetrified-php-engineer-150x122px.png’: 200 OK. Length: 15607 [image/png].
2016-12-17 21:25:33,379 - wpull.processor.web - INFO - Fetching ‘http://static.zend.com/cmsdata/homepage/zend-server-8.5-screeens/4.z-ray.jpg’.
2016-12-17 21:25:35,709 - wpull.processor.web - INFO - Fetched ‘http://static.zend.com/cmsdata/homepage/zend-server-8.5-screeens/4.z-ray.jpg’: 200 OK. Length: 40359 [image/jpeg].
2016-12-17 21:25:35,732 - wpull.processor.web - INFO - Fetching ‘http://static.zend.com/cmsdata/homepage/zend-server-8.5-screeens/9.zend-server-libraries.jpg’.
2016-12-17 21:25:38,145 - wpull.processor.web - INFO - Fetched ‘http://static.zend.com/cmsdata/homepage/zend-server-8.5-screeens/9.zend-server-libraries.jpg’: 200 OK. Length: 29687 [image/jpeg].
2016-12-17 21:25:38,173 - wpull.processor.web - INFO - Fetching ‘http://static.zend.com/cmsdata/homepage/company-clients/cds-global-225x92px.jpg’.
2016-12-17 21:25:39,003 - wpull.processor.web - INFO - Fetched ‘http://static.zend.com/cmsdata/homepage/company-clients/cds-global-225x92px.jpg’: 200 OK. Length: 9749 [image/jpeg].
2016-12-17 21:25:39,029 - wpull.processor.web - INFO - Fetching ‘http://static.zend.com/cmsdata/homepage/company-clients/agilent-technologies-225x92px.jpg’.
2016-12-17 21:25:39,260 - wpull.processor.web - INFO - Fetched ‘http://static.zend.com/cmsdata/homepage/company-clients/agilent-technologies-225x92px.jpg’: 200 OK. Length: 5784 [image/jpeg].
2016-12-17 21:25:39,287 - wpull.processor.web - INFO - Fetching ‘http://static.zend.com/cmsdata/spotlights/spotlight-zend-framework2-fundamentals-30-off.png’.
2016-12-17 21:25:39,524 - wpull.processor.web - INFO - Fetched ‘http://static.zend.com/cmsdata/spotlights/spotlight-zend-framework2-fundamentals-30-off.png’: 200 OK. Length: 6200 [image/png].
2016-12-17 21:25:39,550 - wpull.processor.web - INFO - Fetching ‘http://static.zend.com/cmsdata/homepage/top-main-banners/homepage-main-banner03-bg-4d8ea2-2000x409px.png’.
2016-12-17 21:26:24,127 - wpull.processor.web - INFO - Fetched ‘http://static.zend.com/cmsdata/homepage/top-main-banners/homepage-main-banner03-bg-4d8ea2-2000x409px.png’: 200 OK. Length: 682898 [image/png].
2016-12-17 21:26:24,147 - wpull.processor.web - INFO - Fetching ‘http://static.zend.com/cmsdata/homepage/zend-server-8.5-screeens/5.zend-server-apps.jpg’.
2016-12-17 21:26:25,932 - wpull.processor.web - INFO - Fetched ‘http://static.zend.com/cmsdata/homepage/zend-server-8.5-screeens/5.zend-server-apps.jpg’: 200 OK. Length: 30686 [image/jpeg].
2016-12-17 21:26:25,952 - wpull.processor.web - INFO - Fetching ‘http://static.zend.com/cmsdata/homepage/company-clients/ge-225x92px.jpg’.
2016-12-17 21:26:26,547 - wpull.processor.web - INFO - Fetched ‘http://static.zend.com/cmsdata/homepage/company-clients/ge-225x92px.jpg’: 200 OK. Length: 8890 [image/jpeg].
2016-12-17 21:26:26,566 - wpull.processor.web - INFO - Fetching ‘http://static.zend.com/cmsdata/static-assets/js/jquery-1.11.0.min.js’.
2016-12-17 21:26:32,692 - wpull.processor.web - INFO - Fetched ‘http://static.zend.com/cmsdata/static-assets/js/jquery-1.11.0.min.js’: 200 OK. Length: 96381 [application/javascript].
2016-12-17 21:26:32,760 - wpull.processor.web - INFO - Fetching ‘http://static.zend.com/cmsdata/roguewave_homepage-banner2016_totalview_nobutton.jpg’.
2016-12-17 21:26:39,757 - wpull.processor.web - INFO - Fetched ‘http://static.zend.com/cmsdata/roguewave_homepage-banner2016_totalview_nobutton.jpg’: 200 OK. Length: 109653 [image/jpeg].
2016-12-17 21:26:39,775 - wpull.processor.web - INFO - Fetching ‘http://static.zend.com/cmsdata/homepage/company-clients/t-mobile-225x92px.jpg’.
2016-12-17 21:26:40,157 - wpull.processor.web - INFO - Fetched ‘http://static.zend.com/cmsdata/homepage/company-clients/t-mobile-225x92px.jpg’: 200 OK. Length: 5315 [image/jpeg].
2016-12-17 21:26:40,183 - wpull.processor.web - INFO - Fetching ‘http://static.zend.com/cmsdata/static-assets/fancyapps-fancyBox-18d1712/jquery.fancybox.css’.
2016-12-17 21:26:40,427 - wpull.processor.web - INFO - Fetched ‘http://static.zend.com/cmsdata/static-assets/fancyapps-fancyBox-18d1712/jquery.fancybox.css’: 200 OK. Length: 4895 [text/css].
2016-12-17 21:26:40,472 - wpull.processor.web - INFO - Fetching ‘http://static.zend.com/cmsdata/static-assets/img/Zend-Server-LAPTOP-ARROW-Left-16x53px.png’.
2016-12-17 21:26:40,544 - wpull.processor.web - INFO - Fetched ‘http://static.zend.com/cmsdata/static-assets/img/Zend-Server-LAPTOP-ARROW-Left-16x53px.png’: 200 OK. Length: 1422 [image/png].
2016-12-17 21:26:40,564 - wpull.processor.web - INFO - Fetching ‘http://static.zend.com/cmsdata/homepage/icons/chat-small-160x116px.jpg’.
2016-12-17 21:26:41,124 - wpull.processor.web - INFO - Fetched ‘http://static.zend.com/cmsdata/homepage/icons/chat-small-160x116px.jpg’: 200 OK. Length: 8277 [image/jpeg].
2016-12-17 21:26:41,152 - wpull.processor.web - INFO - Fetching ‘http://static.zend.com/cmsdata/homepage/zend-server-8.5-screeens/8.zend-server-event-rules.jpg’.
2016-12-17 21:26:43,007 - wpull.processor.web - INFO - Fetched ‘http://static.zend.com/cmsdata/homepage/zend-server-8.5-screeens/8.zend-server-event-rules.jpg’: 200 OK. Length: 26509 [image/jpeg].
2016-12-17 21:26:43,034 - wpull.processor.web - INFO - Fetching ‘http://static.zend.com/cmsdata/homepage/company-clients/simens-225x92px.jpg’.
2016-12-17 21:26:43,567 - wpull.processor.web - INFO - Fetched ‘http://static.zend.com/cmsdata/homepage/company-clients/simens-225x92px.jpg’: 200 OK. Length: 8594 [image/jpeg].
2016-12-17 21:26:43,598 - wpull.processor.web - INFO - Fetching ‘http://static.zend.com/cmsdata/homepage/company-clients/united-rentals-225x92px.jpg’.
2016-12-17 21:26:44,124 - wpull.processor.web - INFO - Fetched ‘http://static.zend.com/cmsdata/homepage/company-clients/united-rentals-225x92px.jpg’: 200 OK. Length: 8780 [image/jpeg].
2016-12-17 21:26:44,149 - wpull.processor.web - INFO - Fetching ‘http://static.zend.com/cmsdata/static-assets/css/main.css’.
2016-12-17 21:26:46,846 - wpull.processor.web - INFO - Fetched ‘http://static.zend.com/cmsdata/static-assets/css/main.css’: 200 OK. Length: 48179 [text/css].
2016-12-17 21:26:46,901 - wpull.processor.web - INFO - Fetching ‘http://static.zend.com/cmsdata/homepage/company-clients/source-interlink-225x92px.jpg’.
2016-12-17 21:26:47,399 - wpull.processor.web - INFO - Fetched ‘http://static.zend.com/cmsdata/homepage/company-clients/source-interlink-225x92px.jpg’: 200 OK. Length: 11847 [image/jpeg].
2016-12-17 21:26:47,424 - wpull.processor.web - INFO - Fetching ‘http://static.zend.com/cmsdata/homepage/company-clients/tupperware-225x92px.jpg’.
2016-12-17 21:26:47,955 - wpull.processor.web - INFO - Fetched ‘http://static.zend.com/cmsdata/homepage/company-clients/tupperware-225x92px.jpg’: 200 OK. Length: 8189 [image/jpeg].
2016-12-17 21:26:47,982 - wpull.processor.web - INFO - Fetching ‘http://static.zend.com/cmsdata/spotlights/spotlight-training-promotion-150x122px.jpg’.
2016-12-17 21:26:48,895 - wpull.processor.web - INFO - Fetched ‘http://static.zend.com/cmsdata/spotlights/spotlight-training-promotion-150x122px.jpg’: 200 OK. Length: 13993 [image/jpeg].
2016-12-17 21:26:48,919 - wpull.processor.web - INFO - Fetching ‘http://static.zend.com/cmsdata/homepage/customer-testimonial-3.jpg’.
2016-12-17 21:26:50,569 - wpull.processor.web - INFO - Fetched ‘http://static.zend.com/cmsdata/homepage/customer-testimonial-3.jpg’: 200 OK. Length: 24780 [image/jpeg].
2016-12-17 21:26:50,598 - wpull.processor.web - INFO - Fetching ‘http://static.zend.com/cmsdata/homepage/company-clients/hearst-225x92px.jpg’.
2016-12-17 21:26:51,331 - wpull.processor.web - INFO - Fetched ‘http://static.zend.com/cmsdata/homepage/company-clients/hearst-225x92px.jpg’: 200 OK. Length: 5255 [image/jpeg].
2016-12-17 21:26:51,353 - wpull.processor.web - INFO - Fetching ‘http://static.zend.com/cmsdata/homepage/company-clients/fiat-225x92px.jpg’.
2016-12-17 21:26:51,642 - wpull.processor.web - INFO - Fetched ‘http://static.zend.com/cmsdata/homepage/company-clients/fiat-225x92px.jpg’: 200 OK. Length: 7248 [image/jpeg].
2016-12-17 21:26:51,667 - wpull.processor.web - INFO - Fetching ‘http://app-ab03.marketo.com/js/forms2/js/forms2.js’.
2016-12-17 21:27:23,111 - wpull.processor.web - INFO - Fetched ‘http://app-ab03.marketo.com/js/forms2/js/forms2.js’: 200 OK. Length: unspecified [application/x-javascript].
2016-12-17 21:27:23,216 - wpull.url - WARNING - Unable to parse URL ‘https://’: Hostname is empty: 'https://'.
2016-12-17 21:27:23,240 - wpull.processor.web - INFO - Fetching ‘http://static.zend.com/cmsdata/homepage/company-clients/prada-225x92px.jpg’.
2016-12-17 21:27:23,417 - wpull.processor.web - INFO - Fetched ‘http://static.zend.com/cmsdata/homepage/company-clients/prada-225x92px.jpg’: 200 OK. Length: 5969 [image/jpeg].
2016-12-17 21:27:23,439 - wpull.processor.web - INFO - Fetching ‘http://static.zend.com/cmsdata/homepage/company-clients/bnp-paribas-225x92px.jpg’.
2016-12-17 21:27:23,502 - wpull.processor.web - INFO - Fetched ‘http://static.zend.com/cmsdata/homepage/company-clients/bnp-paribas-225x92px.jpg’: 200 OK. Length: 6481 [image/jpeg].
2016-12-17 21:27:23,522 - wpull.processor.web - INFO - Fetching ‘http://static.zend.com/cmsdata/spotlights/zend_server-plus2016_155x155_vf.jpg’.
2016-12-17 21:27:24,809 - wpull.processor.web - INFO - Fetched ‘http://static.zend.com/cmsdata/spotlights/zend_server-plus2016_155x155_vf.jpg’: 200 OK. Length: 18306 [image/jpeg].
2016-12-17 21:27:24,838 - wpull.processor.web - INFO - Fetching ‘http://static.zend.com/cmsdata/homepage/company-clients/english-central-225x92px.jpg’.
2016-12-17 21:27:25,600 - wpull.processor.web - INFO - Fetched ‘http://static.zend.com/cmsdata/homepage/company-clients/english-central-225x92px.jpg’: 200 OK. Length: 6822 [image/jpeg].
2016-12-17 21:27:25,626 - wpull.processor.web - INFO - Fetching ‘http://static.zend.com/cmsdata/rwlogos/roguewave-zend-logo-m.png’.
2016-12-17 21:27:25,997 - wpull.processor.web - INFO - Fetched ‘http://static.zend.com/cmsdata/rwlogos/roguewave-zend-logo-m.png’: 200 OK. Length: 7892 [image/png].
2016-12-17 21:27:26,020 - wpull.processor.web - INFO - Fetching ‘http://static.zend.com/cmsdata/static-assets/img/Arrow-blue-LEFT-27x97px.png’.
2016-12-17 21:27:26,092 - wpull.processor.web - INFO - Fetched ‘http://static.zend.com/cmsdata/static-assets/img/Arrow-blue-LEFT-27x97px.png’: 200 OK. Length: 1902 [image/png].
2016-12-17 21:27:26,112 - wpull.processor.web - INFO - Fetching ‘http://static.zend.com/cmsdata/static-assets/js/jquery-ui/js/jquery-ui-1.10.4.custom.min.js’.
2016-12-17 21:27:40,486 - wpull.processor.web - INFO - Fetched ‘http://static.zend.com/cmsdata/static-assets/js/jquery-ui/js/jquery-ui-1.10.4.custom.min.js’: 200 OK. Length: 228539 [application/javascript].
2016-12-17 21:27:40,588 - wpull.processor.web - INFO - Fetching ‘http://static.zend.com/cmsdata/zend_homepagebanner2016_zendstudio13-5_vf.png’.
